<?xml version="1.0" encoding="UTF-8"?>
<!-- Generated by org.testng.reporters.JUnitXMLReporter -->
<testsuite ignored="0" hostname="DESKTOP-I40GL3R" failures="0" tests="7" name="parallelexecution" time="12.506" errors="0" timestamp="2021-05-30T23:03:06 IST">
  <testcase classname="Testngtest.Testngtest.Test1" name="test1" time="0.008"/>
  <testcase classname="Testngtest.Testngtest.Test2" name="testCase2" time="0.008"/>
  <testcase classname="Testngtest.Testngtest.Test2" name="testCase4" time="0.001"/>
  <testcase classname="Testngtest.Testngtest.parallelexecution" name="getFirefox" time="12.048"/>
  <testcase classname="Testngtest.Testngtest.Test2" name="testCase1" time="0.001"/>
  <testcase classname="Testngtest.Testngtest.Test2" name="testCase3" time="0.0"/>
  <testcase classname="Testngtest.Testngtest.parallelexecution" name="getChorme" time="12.452"/>
</testsuite> <!-- parallelexecution -->
