<?xml version="1.0" encoding="UTF-8"?>
<!-- Generated by org.testng.reporters.JUnitXMLReporter -->
<testsuite ignored="0" hostname="DESKTOP-I40GL3R" failures="0" tests="5" name="Test" time="0.051" errors="0" timestamp="2021-05-30T22:39:32 IST">
  <testcase classname="Testngtest.Testngtest.Test1" name="test1" time="0.006"/>
  <testcase classname="Testngtest.Testngtest.Test2" name="testCase2" time="0.0"/>
  <testcase classname="Testngtest.Testngtest.Test2" name="testCase4" time="0.001"/>
  <testcase classname="Testngtest.Testngtest.Test2" name="testCase1" time="0.001"/>
  <testcase classname="Testngtest.Testngtest.Test2" name="testCase3" time="0.001"/>
</testsuite> <!-- Test -->
