<?xml version="1.0" encoding="UTF-8"?>
<testng-results ignored="0" total="7" passed="7" failed="0" skipped="0">
  <reporter-output>
  </reporter-output>
  <suite started-at="2021-05-30T23:02:54 IST" name="Testngtest" finished-at="2021-05-30T23:03:06 IST" duration-ms="12506">
    <groups>
      <group name="SecondGroup">
        <method signature="Test2.testCase4()[pri:0, instance:Testngtest.Testngtest.Test2@bef2d72]" name="testCase4" class="Testngtest.Testngtest.Test2"/>
      </group> <!-- SecondGroup -->
      <group name="FirstGroup">
        <method signature="Test2.testCase3()[pri:0, instance:Testngtest.Testngtest.Test2@bef2d72]" name="testCase3" class="Testngtest.Testngtest.Test2"/>
      </group> <!-- FirstGroup -->
    </groups>
    <test started-at="2021-05-30T23:02:54 IST" name="parallelexecution" finished-at="2021-05-30T23:03:06 IST" duration-ms="12506">
      <class name="Testngtest.Testngtest.parallelexecution">
        <test-method signature="getChorme()[pri:0, instance:Testngtest.Testngtest.parallelexecution@69b2283a]" started-at="2021-05-30T23:02:54 IST" name="getChorme" finished-at="2021-05-30T23:03:06 IST" duration-ms="12452" status="PASS">
          <reporter-output>
          </reporter-output>
        </test-method> <!-- getChorme -->
        <test-method signature="getFirefox()[pri:0, instance:Testngtest.Testngtest.parallelexecution@69b2283a]" started-at="2021-05-30T23:02:54 IST" name="getFirefox" finished-at="2021-05-30T23:03:06 IST" duration-ms="12048" status="PASS">
          <reporter-output>
          </reporter-output>
        </test-method> <!-- getFirefox -->
      </class> <!-- Testngtest.Testngtest.parallelexecution -->
      <class name="Testngtest.Testngtest.Test2">
        <test-method signature="testCase2()[pri:0, instance:Testngtest.Testngtest.Test2@bef2d72]" started-at="2021-05-30T23:02:54 IST" name="testCase2" finished-at="2021-05-30T23:02:54 IST" duration-ms="8" status="PASS">
          <reporter-output>
          </reporter-output>
        </test-method> <!-- testCase2 -->
        <test-method signature="testCase4()[pri:0, instance:Testngtest.Testngtest.Test2@bef2d72]" started-at="2021-05-30T23:02:54 IST" name="testCase4" finished-at="2021-05-30T23:02:54 IST" duration-ms="1" status="PASS">
          <reporter-output>
          </reporter-output>
        </test-method> <!-- testCase4 -->
        <test-method signature="testCase1()[pri:0, instance:Testngtest.Testngtest.Test2@bef2d72]" started-at="2021-05-30T23:03:06 IST" name="testCase1" finished-at="2021-05-30T23:03:06 IST" depends-on-methods="Testngtest.Testngtest.Test2.testCase2" duration-ms="1" status="PASS">
          <reporter-output>
          </reporter-output>
        </test-method> <!-- testCase1 -->
        <test-method signature="testCase3()[pri:0, instance:Testngtest.Testngtest.Test2@bef2d72]" started-at="2021-05-30T23:03:06 IST" name="testCase3" depends-on-groups="SecondGroup" finished-at="2021-05-30T23:03:06 IST" duration-ms="0" status="PASS">
          <reporter-output>
          </reporter-output>
        </test-method> <!-- testCase3 -->
      </class> <!-- Testngtest.Testngtest.Test2 -->
      <class name="Testngtest.Testngtest.Test1">
        <test-method signature="test1()[pri:0, instance:Testngtest.Testngtest.Test1@4386f16]" started-at="2021-05-30T23:02:54 IST" name="test1" finished-at="2021-05-30T23:02:54 IST" duration-ms="8" status="PASS">
          <reporter-output>
          </reporter-output>
        </test-method> <!-- test1 -->
      </class> <!-- Testngtest.Testngtest.Test1 -->
    </test> <!-- parallelexecution -->
  </suite> <!-- Testngtest -->
</testng-results>
